<?xml version="1.0" encoding="UTF-8"?>
<!-- Generated by org.testng.reporters.JUnitXMLReporter -->
<testsuite ignored="0" hostname="Mahesh_Babu" failures="1" tests="3" name="HomePageTests" time="21.25" errors="0" timestamp="2025-09-03T14:49:33 IST">
  <testcase classname="tests.HomePageTest" name="testFillCompleteForm" time="2.032"/>
  <testcase classname="tests.HomePageTest" name="testFillCompleteForm" time="1.781"/>
  <testcase classname="tests.HomePageTest" name="testFillCompleteForm" time="0.63">
    <failure type="org.openqa.selenium.NoSuchElementException" message="Cannot locate option with text: Neverland
For documentation on this error, please visit: https://www.selenium.dev/documentation/webdriver/troubleshooting/errors#no-such-element-exception
Build info: version: &amp;apos;4.14.0&amp;apos;, revision: &amp;apos;e5a96349ce&amp;apos;
System info: os.name: &amp;apos;Windows 11&amp;apos;, os.arch: &amp;apos;amd64&amp;apos;, os.version: &amp;apos;10.0&amp;apos;, java.version: &amp;apos;21.0.1&amp;apos;
Driver info: driver.version: unknown">
      <![CDATA[org.openqa.selenium.NoSuchElementException: Cannot locate option with text: Neverland
For documentation on this error, please visit: https://www.selenium.dev/documentation/webdriver/troubleshooting/errors#no-such-element-exception
Build info: version: '4.14.0', revision: 'e5a96349ce'
System info: os.name: 'Windows 11', os.arch: 'amd64', os.version: '10.0', java.version: '21.0.1'
Driver info: driver.version: unknown
at org.openqa.selenium.support.ui.Select.selectByVisibleText(Select.java:153)
at pages.HomePage.selectCountry(HomePage.java:80)
at tests.HomePageTest.testFillCompleteForm(HomePageTest.java:38)
at java.base/java.util.ArrayList.forEach(ArrayList.java:1596)
... Removed 25 stack frames]]>
    </failure>
  </testcase> <!-- testFillCompleteForm -->
</testsuite> <!-- HomePageTests -->
